<?xml version="1.0" encoding="UTF-8"?>
<testsuite name="com.insight.backend.BackendApplicationTests" tests="1" skipped="0" failures="0" errors="0" timestamp="2024-06-06T14:59:17" hostname="SAMSUNG-JANIS" time="0.955">
  <properties/>
  <testcase name="contextLoads()" classname="com.insight.backend.BackendApplicationTests" time="0.955"/>
  <system-out><![CDATA[16:59:16.081 [Test worker] INFO org.springframework.test.context.support.AnnotationConfigContextLoaderUtils -- Could not detect default configuration classes for test class [com.insight.backend.BackendApplicationTests]: BackendApplicationTests does not declare any static, non-private, non-final, nested classes annotated with @Configuration.
16:59:16.180 [Test worker] INFO org.springframework.boot.test.context.SpringBootTestContextBootstrapper -- Found @SpringBootConfiguration com.insight.backend.BackendApplication for test class com.insight.backend.BackendApplicationTests

  .   ____          _            __ _ _
 /\\ / ___'_ __ _ _(_)_ __  __ _ \ \ \ \
( ( )\___ | '_ | '_| | '_ \/ _` | \ \ \ \
 \\/  ___)| |_)| | | | | || (_| |  ) ) ) )
  '  |____| .__|_| |_|_| |_\__, | / / / /
 =========|_|==============|___/=/_/_/_/
 :: Spring Boot ::                (v3.2.6)

2024-06-06T16:59:16.591+02:00  INFO 14084 --- [backend] [    Test worker] c.i.backend.BackendApplicationTests      : Starting BackendApplicationTests using Java 21.0.3 with PID 14084 (started by janis in C:\Users\janis\Documents\studium\Softwareprojekt\httpsgitlab.dit.htwk-leipzig.de\projekt2024-s-audit-tool\backend)
2024-06-06T16:59:16.592+02:00  INFO 14084 --- [backend] [    Test worker] c.i.backend.BackendApplicationTests      : No active profile set, falling back to 1 default profile: "default"
2024-06-06T16:59:17.893+02:00  INFO 14084 --- [backend] [    Test worker] c.i.backend.BackendApplicationTests      : Started BackendApplicationTests in 1.546 seconds (process running for 2.848)
]]></system-out>
  <system-err><![CDATA[WARNING: A Java agent has been loaded dynamically (C:\Users\janis\.gradle\caches\modules-2\files-2.1\net.bytebuddy\byte-buddy-agent\1.14.16\4a451ee6484abac3a498df0f3b33ed00a6fced4d\byte-buddy-agent-1.14.16.jar)
WARNING: If a serviceability tool is in use, please run with -XX:+EnableDynamicAgentLoading to hide this warning
WARNING: If a serviceability tool is not in use, please run with -Djdk.instrument.traceUsage for more information
WARNING: Dynamic loading of agents will be disallowed by default in a future release
]]></system-err>
</testsuite>
