<?xml version="1.0" encoding="UTF-8"?>
<testsuite name="com.insight.backend.controller.GetCategoriesControllerTests" tests="1" skipped="0" failures="0" errors="0" timestamp="2024-06-06T14:59:19" hostname="SAMSUNG-JANIS" time="0.123">
  <properties/>
  <testcase name="testGetCategroies()" classname="com.insight.backend.controller.GetCategoriesControllerTests" time="0.123"/>
  <system-out><![CDATA[2024-06-06T16:59:18.876+02:00  INFO 14084 --- [backend] [    Test worker] t.c.s.AnnotationConfigContextLoaderUtils : Could not detect default configuration classes for test class [com.insight.backend.controller.GetCategoriesControllerTests]: GetCategoriesControllerTests does not declare any static, non-private, non-final, nested classes annotated with @Configuration.
2024-06-06T16:59:18.902+02:00  INFO 14084 --- [backend] [    Test worker] .b.t.c.SpringBootTestContextBootstrapper : Found @SpringBootConfiguration com.insight.backend.BackendApplication for test class com.insight.backend.controller.GetCategoriesControllerTests

  .   ____          _            __ _ _
 /\\ / ___'_ __ _ _(_)_ __  __ _ \ \ \ \
( ( )\___ | '_ | '_| | '_ \/ _` | \ \ \ \
 \\/  ___)| |_)| | | | | || (_| |  ) ) ) )
  '  |____| .__|_| |_|_| |_\__, | / / / /
 =========|_|==============|___/=/_/_/_/
 :: Spring Boot ::                (v3.2.6)

2024-06-06T16:59:18.950+02:00  INFO 14084 --- [backend] [    Test worker] c.i.b.c.GetCategoriesControllerTests     : Starting GetCategoriesControllerTests using Java 21.0.3 with PID 14084 (started by janis in C:\Users\janis\Documents\studium\Softwareprojekt\httpsgitlab.dit.htwk-leipzig.de\projekt2024-s-audit-tool\backend)
2024-06-06T16:59:18.950+02:00  INFO 14084 --- [backend] [    Test worker] c.i.b.c.GetCategoriesControllerTests     : No active profile set, falling back to 1 default profile: "default"
2024-06-06T16:59:19.225+02:00  INFO 14084 --- [backend] [    Test worker] o.s.b.t.m.w.SpringBootMockServletContext : Initializing Spring TestDispatcherServlet ''
2024-06-06T16:59:19.225+02:00  INFO 14084 --- [backend] [    Test worker] o.s.t.web.servlet.TestDispatcherServlet  : Initializing Servlet ''
2024-06-06T16:59:19.228+02:00  INFO 14084 --- [backend] [    Test worker] o.s.t.web.servlet.TestDispatcherServlet  : Completed initialization in 1 ms
2024-06-06T16:59:19.240+02:00  INFO 14084 --- [backend] [    Test worker] c.i.b.c.GetCategoriesControllerTests     : Started GetCategoriesControllerTests in 0.331 seconds (process running for 4.195)
]]></system-out>
  <system-err><![CDATA[]]></system-err>
</testsuite>
